[0.030s] Invoking command in '/home/gunjan/ros2_ws/build/my_robot_bringup': CMAKE_PREFIX_PATH=${CMAKE_PREFIX_PATH}:/home/gunjan/ros2_ws/install/turtlesim_catch_them_all:/home/gunjan/ros2_ws/install/my_py_pkg:/opt/ros/humble /usr/bin/cmake /home/gunjan/ros2_ws/src/my_robot_bringup -DCMAKE_INSTALL_PREFIX=/home/gunjan/ros2_ws/install/my_robot_bringup
[0.047s] -- Found ament_cmake: 1.3.11 (/opt/ros/humble/share/ament_cmake/cmake)
[0.234s] -- Override CMake install command with custom implementation using symlinks instead of copying resources
[0.348s] -- Configuring done
[0.352s] -- Generating done
[0.354s] -- Build files have been written to: /home/gunjan/ros2_ws/build/my_robot_bringup
[0.358s] Invoked command in '/home/gunjan/ros2_ws/build/my_robot_bringup' returned '0': CMAKE_PREFIX_PATH=${CMAKE_PREFIX_PATH}:/home/gunjan/ros2_ws/install/turtlesim_catch_them_all:/home/gunjan/ros2_ws/install/my_py_pkg:/opt/ros/humble /usr/bin/cmake /home/gunjan/ros2_ws/src/my_robot_bringup -DCMAKE_INSTALL_PREFIX=/home/gunjan/ros2_ws/install/my_robot_bringup
[0.361s] Invoking command in '/home/gunjan/ros2_ws/build/my_robot_bringup': CMAKE_PREFIX_PATH=${CMAKE_PREFIX_PATH}:/home/gunjan/ros2_ws/install/turtlesim_catch_them_all:/home/gunjan/ros2_ws/install/my_py_pkg:/opt/ros/humble /usr/bin/cmake --build /home/gunjan/ros2_ws/build/my_robot_bringup -- -j4 -l4
[0.415s] Invoked command in '/home/gunjan/ros2_ws/build/my_robot_bringup' returned '0': CMAKE_PREFIX_PATH=${CMAKE_PREFIX_PATH}:/home/gunjan/ros2_ws/install/turtlesim_catch_them_all:/home/gunjan/ros2_ws/install/my_py_pkg:/opt/ros/humble /usr/bin/cmake --build /home/gunjan/ros2_ws/build/my_robot_bringup -- -j4 -l4
[0.430s] Invoking command in '/home/gunjan/ros2_ws/build/my_robot_bringup': CMAKE_PREFIX_PATH=${CMAKE_PREFIX_PATH}:/home/gunjan/ros2_ws/install/turtlesim_catch_them_all:/home/gunjan/ros2_ws/install/my_py_pkg:/opt/ros/humble /usr/bin/cmake --install /home/gunjan/ros2_ws/build/my_robot_bringup
[0.442s] -- Install configuration: ""
[0.443s] -- Execute custom install script
[0.444s] -- Up-to-date symlink: /home/gunjan/ros2_ws/install/my_robot_bringup/share/my_robot_bringup/launch/number_app.launch.py
[0.444s] -- Symlinking: /home/gunjan/ros2_ws/install/my_robot_bringup/share/my_robot_bringup/launch/turtlesim_catch_them_all.launch.py
[0.457s] -- Up-to-date symlink: /home/gunjan/ros2_ws/install/my_robot_bringup/share/ament_index/resource_index/package_run_dependencies/my_robot_bringup
[0.457s] -- Up-to-date symlink: /home/gunjan/ros2_ws/install/my_robot_bringup/share/ament_index/resource_index/parent_prefix_path/my_robot_bringup
[0.457s] -- Up-to-date symlink: /home/gunjan/ros2_ws/install/my_robot_bringup/share/my_robot_bringup/environment/ament_prefix_path.sh
[0.458s] -- Up-to-date symlink: /home/gunjan/ros2_ws/install/my_robot_bringup/share/my_robot_bringup/environment/ament_prefix_path.dsv
[0.458s] -- Up-to-date symlink: /home/gunjan/ros2_ws/install/my_robot_bringup/share/my_robot_bringup/environment/path.sh
[0.458s] -- Up-to-date symlink: /home/gunjan/ros2_ws/install/my_robot_bringup/share/my_robot_bringup/environment/path.dsv
[0.459s] -- Up-to-date symlink: /home/gunjan/ros2_ws/install/my_robot_bringup/share/my_robot_bringup/local_setup.bash
[0.459s] -- Up-to-date symlink: /home/gunjan/ros2_ws/install/my_robot_bringup/share/my_robot_bringup/local_setup.sh
[0.459s] -- Up-to-date symlink: /home/gunjan/ros2_ws/install/my_robot_bringup/share/my_robot_bringup/local_setup.zsh
[0.459s] -- Up-to-date symlink: /home/gunjan/ros2_ws/install/my_robot_bringup/share/my_robot_bringup/local_setup.dsv
[0.459s] -- Symlinking: /home/gunjan/ros2_ws/install/my_robot_bringup/share/my_robot_bringup/package.dsv
[0.473s] -- Up-to-date symlink: /home/gunjan/ros2_ws/install/my_robot_bringup/share/ament_index/resource_index/packages/my_robot_bringup
[0.473s] -- Up-to-date symlink: /home/gunjan/ros2_ws/install/my_robot_bringup/share/my_robot_bringup/cmake/my_robot_bringupConfig.cmake
[0.473s] -- Up-to-date symlink: /home/gunjan/ros2_ws/install/my_robot_bringup/share/my_robot_bringup/cmake/my_robot_bringupConfig-version.cmake
[0.474s] -- Up-to-date symlink: /home/gunjan/ros2_ws/install/my_robot_bringup/share/my_robot_bringup/package.xml
[0.477s] Invoked command in '/home/gunjan/ros2_ws/build/my_robot_bringup' returned '0': CMAKE_PREFIX_PATH=${CMAKE_PREFIX_PATH}:/home/gunjan/ros2_ws/install/turtlesim_catch_them_all:/home/gunjan/ros2_ws/install/my_py_pkg:/opt/ros/humble /usr/bin/cmake --install /home/gunjan/ros2_ws/build/my_robot_bringup
