[0.448s] Invoking command in '/home/gunjan/ros2_ws/build/my_py_pkg': PYTHONPATH=/home/gunjan/ros2_ws/build/my_py_pkg/prefix_override:/usr/lib/python3/dist-packages/colcon_core/task/python/colcon_distutils_commands:/home/gunjan/ros2_ws/install/my_py_pkg/lib/python3.10/site-packages:${PYTHONPATH} /usr/bin/python3 -W ignore:setup.py install is deprecated -W ignore:easy_install command is deprecated setup.py develop --uninstall --editable --build-directory /home/gunjan/ros2_ws/build/my_py_pkg/build
[0.619s] running develop
[0.728s] Removing /home/gunjan/ros2_ws/install/my_py_pkg/lib/python3.10/site-packages/my-py-pkg.egg-link (link to .)
[0.749s] Invoked command in '/home/gunjan/ros2_ws/build/my_py_pkg' returned '0': PYTHONPATH=/home/gunjan/ros2_ws/build/my_py_pkg/prefix_override:/usr/lib/python3/dist-packages/colcon_core/task/python/colcon_distutils_commands:/home/gunjan/ros2_ws/install/my_py_pkg/lib/python3.10/site-packages:${PYTHONPATH} /usr/bin/python3 -W ignore:setup.py install is deprecated -W ignore:easy_install command is deprecated setup.py develop --uninstall --editable --build-directory /home/gunjan/ros2_ws/build/my_py_pkg/build
[0.750s] Invoking command in '/home/gunjan/ros2_ws/src/my_py_pkg': PYTHONPATH=/home/gunjan/ros2_ws/build/my_py_pkg/prefix_override:/usr/lib/python3/dist-packages/colcon_core/task/python/colcon_distutils_commands:/home/gunjan/ros2_ws/install/my_py_pkg/lib/python3.10/site-packages:${PYTHONPATH} /usr/bin/python3 -W ignore:setup.py install is deprecated -W ignore:easy_install command is deprecated setup.py egg_info --egg-base ../../build/my_py_pkg build --build-base /home/gunjan/ros2_ws/build/my_py_pkg/build install --record /home/gunjan/ros2_ws/build/my_py_pkg/install.log --single-version-externally-managed install_data --force
[0.910s] running egg_info
[0.910s] writing ../../build/my_py_pkg/my_py_pkg.egg-info/PKG-INFO
[0.910s] writing dependency_links to ../../build/my_py_pkg/my_py_pkg.egg-info/dependency_links.txt
[0.910s] writing entry points to ../../build/my_py_pkg/my_py_pkg.egg-info/entry_points.txt
[0.911s] writing requirements to ../../build/my_py_pkg/my_py_pkg.egg-info/requires.txt
[0.911s] writing top-level names to ../../build/my_py_pkg/my_py_pkg.egg-info/top_level.txt
[0.912s] reading manifest file '../../build/my_py_pkg/my_py_pkg.egg-info/SOURCES.txt'
[0.913s] writing manifest file '../../build/my_py_pkg/my_py_pkg.egg-info/SOURCES.txt'
[0.913s] running build
[0.913s] running build_py
[0.913s] copying my_py_pkg/robot_news_station.py -> /home/gunjan/ros2_ws/build/my_py_pkg/build/lib/my_py_pkg
[0.913s] copying my_py_pkg/template_python_node.py -> /home/gunjan/ros2_ws/build/my_py_pkg/build/lib/my_py_pkg
[0.913s] copying my_py_pkg/number_publisher.py -> /home/gunjan/ros2_ws/build/my_py_pkg/build/lib/my_py_pkg
[0.913s] copying my_py_pkg/smartphone.py -> /home/gunjan/ros2_ws/build/my_py_pkg/build/lib/my_py_pkg
[0.913s] copying my_py_pkg/my_first_node.py -> /home/gunjan/ros2_ws/build/my_py_pkg/build/lib/my_py_pkg
[0.913s] running install
[0.914s] running install_lib
[0.914s] creating /home/gunjan/ros2_ws/install/my_py_pkg/lib/python3.10/site-packages/my_py_pkg
[0.914s] copying /home/gunjan/ros2_ws/build/my_py_pkg/build/lib/my_py_pkg/robot_news_station.py -> /home/gunjan/ros2_ws/install/my_py_pkg/lib/python3.10/site-packages/my_py_pkg
[0.914s] copying /home/gunjan/ros2_ws/build/my_py_pkg/build/lib/my_py_pkg/template_python_node.py -> /home/gunjan/ros2_ws/install/my_py_pkg/lib/python3.10/site-packages/my_py_pkg
[0.914s] copying /home/gunjan/ros2_ws/build/my_py_pkg/build/lib/my_py_pkg/number_publisher.py -> /home/gunjan/ros2_ws/install/my_py_pkg/lib/python3.10/site-packages/my_py_pkg
[0.914s] copying /home/gunjan/ros2_ws/build/my_py_pkg/build/lib/my_py_pkg/__init__.py -> /home/gunjan/ros2_ws/install/my_py_pkg/lib/python3.10/site-packages/my_py_pkg
[0.915s] copying /home/gunjan/ros2_ws/build/my_py_pkg/build/lib/my_py_pkg/smartphone.py -> /home/gunjan/ros2_ws/install/my_py_pkg/lib/python3.10/site-packages/my_py_pkg
[0.915s] copying /home/gunjan/ros2_ws/build/my_py_pkg/build/lib/my_py_pkg/my_first_node.py -> /home/gunjan/ros2_ws/install/my_py_pkg/lib/python3.10/site-packages/my_py_pkg
[0.915s] byte-compiling /home/gunjan/ros2_ws/install/my_py_pkg/lib/python3.10/site-packages/my_py_pkg/robot_news_station.py to robot_news_station.cpython-310.pyc
[0.915s] byte-compiling /home/gunjan/ros2_ws/install/my_py_pkg/lib/python3.10/site-packages/my_py_pkg/template_python_node.py to template_python_node.cpython-310.pyc
[0.916s] byte-compiling /home/gunjan/ros2_ws/install/my_py_pkg/lib/python3.10/site-packages/my_py_pkg/number_publisher.py to number_publisher.cpython-310.pyc
[0.916s] byte-compiling /home/gunjan/ros2_ws/install/my_py_pkg/lib/python3.10/site-packages/my_py_pkg/__init__.py to __init__.cpython-310.pyc
[0.916s] byte-compiling /home/gunjan/ros2_ws/install/my_py_pkg/lib/python3.10/site-packages/my_py_pkg/smartphone.py to smartphone.cpython-310.pyc
[0.916s] byte-compiling /home/gunjan/ros2_ws/install/my_py_pkg/lib/python3.10/site-packages/my_py_pkg/my_first_node.py to my_first_node.cpython-310.pyc
[0.916s] running install_data
[0.916s] copying resource/my_py_pkg -> /home/gunjan/ros2_ws/install/my_py_pkg/share/ament_index/resource_index/packages
[0.917s] copying package.xml -> /home/gunjan/ros2_ws/install/my_py_pkg/share/my_py_pkg
[0.917s] running install_egg_info
[0.919s] Copying ../../build/my_py_pkg/my_py_pkg.egg-info to /home/gunjan/ros2_ws/install/my_py_pkg/lib/python3.10/site-packages/my_py_pkg-0.0.0-py3.10.egg-info
[0.919s] running install_scripts
[0.933s] Installing number_publisher script to /home/gunjan/ros2_ws/install/my_py_pkg/lib/my_py_pkg
[0.934s] Installing py_node script to /home/gunjan/ros2_ws/install/my_py_pkg/lib/my_py_pkg
[0.934s] Installing robot_news_station script to /home/gunjan/ros2_ws/install/my_py_pkg/lib/my_py_pkg
[0.934s] Installing smartphone script to /home/gunjan/ros2_ws/install/my_py_pkg/lib/my_py_pkg
[0.934s] writing list of installed files to '/home/gunjan/ros2_ws/build/my_py_pkg/install.log'
[0.952s] Invoked command in '/home/gunjan/ros2_ws/src/my_py_pkg' returned '0': PYTHONPATH=/home/gunjan/ros2_ws/build/my_py_pkg/prefix_override:/usr/lib/python3/dist-packages/colcon_core/task/python/colcon_distutils_commands:/home/gunjan/ros2_ws/install/my_py_pkg/lib/python3.10/site-packages:${PYTHONPATH} /usr/bin/python3 -W ignore:setup.py install is deprecated -W ignore:easy_install command is deprecated setup.py egg_info --egg-base ../../build/my_py_pkg build --build-base /home/gunjan/ros2_ws/build/my_py_pkg/build install --record /home/gunjan/ros2_ws/build/my_py_pkg/install.log --single-version-externally-managed install_data --force
