[0.007s] Invoking command in '/home/gunjan/ros2_ws/build/my_robot_interfaces': CMAKE_PREFIX_PATH=/home/gunjan/ros2_ws/install/my_py_pkg:/opt/ros/humble /usr/bin/cmake /home/gunjan/ros2_ws/src/my_robot_interfaces -DCMAKE_INSTALL_PREFIX=/home/gunjan/ros2_ws/install/my_robot_interfaces
[0.015s] -- Found ament_cmake: 1.3.11 (/opt/ros/humble/share/ament_cmake/cmake)
[0.100s] -- Found rosidl_default_generators: 1.2.0 (/opt/ros/humble/share/rosidl_default_generators/cmake)
[0.101s] -- Using all available rosidl_typesupport_c: rosidl_typesupport_fastrtps_c;rosidl_typesupport_introspection_c
[0.102s] -- Found rosidl_adapter: 3.1.6 (/opt/ros/humble/share/rosidl_adapter/cmake)
[0.123s] -- Using all available rosidl_typesupport_cpp: rosidl_typesupport_fastrtps_cpp;rosidl_typesupport_introspection_cpp
[0.302s] -- Found ament_cmake_ros: 0.10.0 (/opt/ros/humble/share/ament_cmake_ros/cmake)
[0.424s] -- Using all available rosidl_typesupport_c: rosidl_typesupport_fastrtps_c;rosidl_typesupport_introspection_c
[0.585s] -- Using all available rosidl_typesupport_cpp: rosidl_typesupport_fastrtps_cpp;rosidl_typesupport_introspection_cpp
[0.600s] -- Found python_cmake_module: 0.10.0 (/opt/ros/humble/share/python_cmake_module/cmake)
[0.616s] -- Using PYTHON_EXECUTABLE: /usr/bin/python3
[0.616s] -- Using PYTHON_INCLUDE_DIRS: /usr/include/python3.10
[0.616s] -- Using PYTHON_LIBRARIES: /usr/lib/x86_64-linux-gnu/libpython3.10.so
[0.628s] -- Configuring done
[0.643s] -- Generating done
[0.649s] -- Build files have been written to: /home/gunjan/ros2_ws/build/my_robot_interfaces
[0.653s] Invoked command in '/home/gunjan/ros2_ws/build/my_robot_interfaces' returned '0': CMAKE_PREFIX_PATH=/home/gunjan/ros2_ws/install/my_py_pkg:/opt/ros/humble /usr/bin/cmake /home/gunjan/ros2_ws/src/my_robot_interfaces -DCMAKE_INSTALL_PREFIX=/home/gunjan/ros2_ws/install/my_robot_interfaces
[0.655s] Invoking command in '/home/gunjan/ros2_ws/build/my_robot_interfaces': CMAKE_PREFIX_PATH=/home/gunjan/ros2_ws/install/my_py_pkg:/opt/ros/humble /usr/bin/cmake --build /home/gunjan/ros2_ws/build/my_robot_interfaces -- -j4 -l4
[0.682s] [  3%] [34m[1mGenerating C code for ROS interfaces[0m
[0.688s] [  6%] [34m[1mGenerating C++ code for ROS interfaces[0m
[0.696s] [  6%] Built target ament_cmake_python_copy_my_robot_interfaces
[0.880s] [  9%] [32mBuilding C object CMakeFiles/my_robot_interfaces__rosidl_generator_c.dir/rosidl_generator_c/my_robot_interfaces/msg/detail/hardware_status__functions.c.o[0m
[0.920s] [ 12%] [32m[1mLinking C shared library libmy_robot_interfaces__rosidl_generator_c.so[0m
[0.945s] [ 12%] Built target my_robot_interfaces__rosidl_generator_c
[0.957s] [ 16%] [34m[1mGenerating C introspection for ROS interfaces[0m
[0.959s] [ 19%] [34m[1mGenerating C type support for eProsima Fast-RTPS[0m
[0.987s] running egg_info
[0.987s] creating my_robot_interfaces.egg-info
[0.988s] writing my_robot_interfaces.egg-info/PKG-INFO
[0.988s] writing dependency_links to my_robot_interfaces.egg-info/dependency_links.txt
[0.988s] writing top-level names to my_robot_interfaces.egg-info/top_level.txt
[0.988s] writing manifest file 'my_robot_interfaces.egg-info/SOURCES.txt'
[0.995s] reading manifest file 'my_robot_interfaces.egg-info/SOURCES.txt'
[0.996s] writing manifest file 'my_robot_interfaces.egg-info/SOURCES.txt'
[1.005s] [ 19%] Built target my_robot_interfaces__cpp
[1.016s] [ 22%] [34m[1mGenerating C type support dispatch for ROS interfaces[0m
[1.026s] [ 22%] Built target ament_cmake_python_build_my_robot_interfaces_egg
[1.048s] [ 25%] [34m[1mGenerating C++ type support for eProsima Fast-RTPS[0m
[1.254s] [ 29%] [32mBuilding C object CMakeFiles/my_robot_interfaces__rosidl_typesupport_introspection_c.dir/rosidl_typesupport_introspection_c/my_robot_interfaces/msg/detail/hardware_status__type_support.c.o[0m
[1.259s] [ 32%] [32mBuilding CXX object CMakeFiles/my_robot_interfaces__rosidl_typesupport_fastrtps_c.dir/rosidl_typesupport_fastrtps_c/my_robot_interfaces/msg/detail/hardware_status__type_support_c.cpp.o[0m
[1.287s] [ 35%] [32mBuilding CXX object CMakeFiles/my_robot_interfaces__rosidl_typesupport_c.dir/rosidl_typesupport_c/my_robot_interfaces/msg/hardware_status__type_support.cpp.o[0m
[1.294s] [ 38%] [32m[1mLinking C shared library libmy_robot_interfaces__rosidl_typesupport_introspection_c.so[0m
[1.318s] [ 41%] [32m[1mLinking CXX shared library libmy_robot_interfaces__rosidl_typesupport_c.so[0m
[1.322s] [ 41%] Built target my_robot_interfaces__rosidl_typesupport_introspection_c
[1.331s] [ 45%] [34m[1mGenerating C++ introspection for ROS interfaces[0m
[1.341s] [ 48%] [32mBuilding CXX object CMakeFiles/my_robot_interfaces__rosidl_typesupport_fastrtps_cpp.dir/rosidl_typesupport_fastrtps_cpp/my_robot_interfaces/msg/detail/dds_fastrtps/hardware_status__type_support.cpp.o[0m
[1.359s] [ 48%] Built target my_robot_interfaces__rosidl_typesupport_c
[1.368s] [ 51%] [34m[1mGenerating C++ type support dispatch for ROS interfaces[0m
[1.630s] [ 54%] [32mBuilding CXX object CMakeFiles/my_robot_interfaces__rosidl_typesupport_introspection_cpp.dir/rosidl_typesupport_introspection_cpp/my_robot_interfaces/msg/detail/hardware_status__type_support.cpp.o[0m
[1.648s] [ 58%] [32mBuilding CXX object CMakeFiles/my_robot_interfaces__rosidl_typesupport_cpp.dir/rosidl_typesupport_cpp/my_robot_interfaces/msg/hardware_status__type_support.cpp.o[0m
[1.658s] [ 61%] [32m[1mLinking CXX shared library libmy_robot_interfaces__rosidl_typesupport_fastrtps_c.so[0m
[1.745s] [ 61%] Built target my_robot_interfaces__rosidl_typesupport_fastrtps_c
[1.754s] [ 64%] [32m[1mLinking CXX shared library libmy_robot_interfaces__rosidl_typesupport_fastrtps_cpp.so[0m
[1.838s] [ 64%] Built target my_robot_interfaces__rosidl_typesupport_fastrtps_cpp
[1.872s] [ 67%] [32m[1mLinking CXX shared library libmy_robot_interfaces__rosidl_typesupport_cpp.so[0m
[1.899s] [ 67%] Built target my_robot_interfaces__rosidl_typesupport_cpp
[1.957s] [ 70%] [32m[1mLinking CXX shared library libmy_robot_interfaces__rosidl_typesupport_introspection_cpp.so[0m
[2.000s] [ 70%] Built target my_robot_interfaces__rosidl_typesupport_introspection_cpp
[2.012s] [ 70%] Built target my_robot_interfaces
[2.025s] [ 74%] [34m[1mGenerating Python code for ROS interfaces[0m
[2.232s] [ 74%] Built target my_robot_interfaces__py
[2.245s] [ 77%] [32mBuilding C object CMakeFiles/my_robot_interfaces__rosidl_generator_py.dir/rosidl_generator_py/my_robot_interfaces/msg/_hardware_status_s.c.o[0m
[2.329s] [ 80%] [32m[1mLinking C shared library rosidl_generator_py/my_robot_interfaces/libmy_robot_interfaces__rosidl_generator_py.so[0m
[2.355s] [ 80%] Built target my_robot_interfaces__rosidl_generator_py
[2.370s] [ 83%] [32mBuilding C object CMakeFiles/my_robot_interfaces__rosidl_typesupport_introspection_c__pyext.dir/rosidl_generator_py/my_robot_interfaces/_my_robot_interfaces_s.ep.rosidl_typesupport_introspection_c.c.o[0m
[2.372s] [ 87%] [32mBuilding C object CMakeFiles/my_robot_interfaces__rosidl_typesupport_fastrtps_c__pyext.dir/rosidl_generator_py/my_robot_interfaces/_my_robot_interfaces_s.ep.rosidl_typesupport_fastrtps_c.c.o[0m
[2.372s] [ 90%] [32mBuilding C object CMakeFiles/my_robot_interfaces__rosidl_typesupport_c__pyext.dir/rosidl_generator_py/my_robot_interfaces/_my_robot_interfaces_s.ep.rosidl_typesupport_c.c.o[0m
[2.430s] [ 93%] [32m[1mLinking C shared library rosidl_generator_py/my_robot_interfaces/my_robot_interfaces_s__rosidl_typesupport_introspection_c.cpython-310-x86_64-linux-gnu.so[0m
[2.458s] [ 93%] Built target my_robot_interfaces__rosidl_typesupport_introspection_c__pyext
[2.466s] [ 96%] [32m[1mLinking C shared library rosidl_generator_py/my_robot_interfaces/my_robot_interfaces_s__rosidl_typesupport_c.cpython-310-x86_64-linux-gnu.so[0m
[2.468s] [100%] [32m[1mLinking C shared library rosidl_generator_py/my_robot_interfaces/my_robot_interfaces_s__rosidl_typesupport_fastrtps_c.cpython-310-x86_64-linux-gnu.so[0m
[2.488s] [100%] Built target my_robot_interfaces__rosidl_typesupport_c__pyext
[2.490s] [100%] Built target my_robot_interfaces__rosidl_typesupport_fastrtps_c__pyext
[2.497s] Invoked command in '/home/gunjan/ros2_ws/build/my_robot_interfaces' returned '0': CMAKE_PREFIX_PATH=/home/gunjan/ros2_ws/install/my_py_pkg:/opt/ros/humble /usr/bin/cmake --build /home/gunjan/ros2_ws/build/my_robot_interfaces -- -j4 -l4
[2.504s] Invoking command in '/home/gunjan/ros2_ws/build/my_robot_interfaces': CMAKE_PREFIX_PATH=/home/gunjan/ros2_ws/install/my_py_pkg:/opt/ros/humble /usr/bin/cmake --install /home/gunjan/ros2_ws/build/my_robot_interfaces
[2.509s] -- Install configuration: ""
[2.509s] -- Installing: /home/gunjan/ros2_ws/install/my_robot_interfaces/share/ament_index/resource_index/rosidl_interfaces/my_robot_interfaces
[2.509s] -- Installing: /home/gunjan/ros2_ws/install/my_robot_interfaces/include/my_robot_interfaces/my_robot_interfaces
[2.510s] -- Installing: /home/gunjan/ros2_ws/install/my_robot_interfaces/include/my_robot_interfaces/my_robot_interfaces/msg
[2.510s] -- Installing: /home/gunjan/ros2_ws/install/my_robot_interfaces/include/my_robot_interfaces/my_robot_interfaces/msg/rosidl_generator_c__visibility_control.h
[2.510s] -- Installing: /home/gunjan/ros2_ws/install/my_robot_interfaces/include/my_robot_interfaces/my_robot_interfaces/msg/detail
[2.510s] -- Installing: /home/gunjan/ros2_ws/install/my_robot_interfaces/include/my_robot_interfaces/my_robot_interfaces/msg/detail/hardware_status__functions.h
[2.510s] -- Installing: /home/gunjan/ros2_ws/install/my_robot_interfaces/include/my_robot_interfaces/my_robot_interfaces/msg/detail/hardware_status__functions.c
[2.510s] -- Installing: /home/gunjan/ros2_ws/install/my_robot_interfaces/include/my_robot_interfaces/my_robot_interfaces/msg/detail/hardware_status__struct.h
[2.510s] -- Installing: /home/gunjan/ros2_ws/install/my_robot_interfaces/include/my_robot_interfaces/my_robot_interfaces/msg/detail/hardware_status__type_support.h
[2.510s] -- Installing: /home/gunjan/ros2_ws/install/my_robot_interfaces/include/my_robot_interfaces/my_robot_interfaces/msg/hardware_status.h
[2.510s] -- Installing: /home/gunjan/ros2_ws/install/my_robot_interfaces/share/my_robot_interfaces/environment/library_path.sh
[2.510s] -- Installing: /home/gunjan/ros2_ws/install/my_robot_interfaces/share/my_robot_interfaces/environment/library_path.dsv
[2.510s] -- Installing: /home/gunjan/ros2_ws/install/my_robot_interfaces/lib/libmy_robot_interfaces__rosidl_generator_c.so
[2.511s] -- Set runtime path of "/home/gunjan/ros2_ws/install/my_robot_interfaces/lib/libmy_robot_interfaces__rosidl_generator_c.so" to ""
[2.511s] -- Up-to-date: /home/gunjan/ros2_ws/install/my_robot_interfaces/include/my_robot_interfaces/my_robot_interfaces
[2.511s] -- Up-to-date: /home/gunjan/ros2_ws/install/my_robot_interfaces/include/my_robot_interfaces/my_robot_interfaces/msg
[2.511s] -- Up-to-date: /home/gunjan/ros2_ws/install/my_robot_interfaces/include/my_robot_interfaces/my_robot_interfaces/msg/detail
[2.511s] -- Installing: /home/gunjan/ros2_ws/install/my_robot_interfaces/include/my_robot_interfaces/my_robot_interfaces/msg/detail/hardware_status__rosidl_typesupport_fastrtps_c.h
[2.511s] -- Installing: /home/gunjan/ros2_ws/install/my_robot_interfaces/include/my_robot_interfaces/my_robot_interfaces/msg/rosidl_typesupport_fastrtps_c__visibility_control.h
[2.511s] -- Installing: /home/gunjan/ros2_ws/install/my_robot_interfaces/lib/libmy_robot_interfaces__rosidl_typesupport_fastrtps_c.so
[2.511s] -- Set runtime path of "/home/gunjan/ros2_ws/install/my_robot_interfaces/lib/libmy_robot_interfaces__rosidl_typesupport_fastrtps_c.so" to ""
[2.511s] -- Up-to-date: /home/gunjan/ros2_ws/install/my_robot_interfaces/include/my_robot_interfaces/my_robot_interfaces
[2.512s] -- Up-to-date: /home/gunjan/ros2_ws/install/my_robot_interfaces/include/my_robot_interfaces/my_robot_interfaces/msg
[2.512s] -- Up-to-date: /home/gunjan/ros2_ws/install/my_robot_interfaces/include/my_robot_interfaces/my_robot_interfaces/msg/detail
[2.512s] -- Installing: /home/gunjan/ros2_ws/install/my_robot_interfaces/include/my_robot_interfaces/my_robot_interfaces/msg/detail/hardware_status__rosidl_typesupport_introspection_c.h
[2.512s] -- Installing: /home/gunjan/ros2_ws/install/my_robot_interfaces/include/my_robot_interfaces/my_robot_interfaces/msg/detail/hardware_status__type_support.c
[2.512s] -- Installing: /home/gunjan/ros2_ws/install/my_robot_interfaces/include/my_robot_interfaces/my_robot_interfaces/msg/rosidl_typesupport_introspection_c__visibility_control.h
[2.512s] -- Installing: /home/gunjan/ros2_ws/install/my_robot_interfaces/lib/libmy_robot_interfaces__rosidl_typesupport_introspection_c.so
[2.512s] -- Set runtime path of "/home/gunjan/ros2_ws/install/my_robot_interfaces/lib/libmy_robot_interfaces__rosidl_typesupport_introspection_c.so" to ""
[2.512s] -- Installing: /home/gunjan/ros2_ws/install/my_robot_interfaces/lib/libmy_robot_interfaces__rosidl_typesupport_c.so
[2.512s] -- Set runtime path of "/home/gunjan/ros2_ws/install/my_robot_interfaces/lib/libmy_robot_interfaces__rosidl_typesupport_c.so" to ""
[2.512s] -- Up-to-date: /home/gunjan/ros2_ws/install/my_robot_interfaces/include/my_robot_interfaces/my_robot_interfaces
[2.512s] -- Up-to-date: /home/gunjan/ros2_ws/install/my_robot_interfaces/include/my_robot_interfaces/my_robot_interfaces/msg
[2.513s] -- Up-to-date: /home/gunjan/ros2_ws/install/my_robot_interfaces/include/my_robot_interfaces/my_robot_interfaces/msg/detail
[2.513s] -- Installing: /home/gunjan/ros2_ws/install/my_robot_interfaces/include/my_robot_interfaces/my_robot_interfaces/msg/detail/hardware_status__builder.hpp
[2.513s] -- Installing: /home/gunjan/ros2_ws/install/my_robot_interfaces/include/my_robot_interfaces/my_robot_interfaces/msg/detail/hardware_status__struct.hpp
[2.513s] -- Installing: /home/gunjan/ros2_ws/install/my_robot_interfaces/include/my_robot_interfaces/my_robot_interfaces/msg/detail/hardware_status__type_support.hpp
[2.513s] -- Installing: /home/gunjan/ros2_ws/install/my_robot_interfaces/include/my_robot_interfaces/my_robot_interfaces/msg/detail/hardware_status__traits.hpp
[2.513s] -- Installing: /home/gunjan/ros2_ws/install/my_robot_interfaces/include/my_robot_interfaces/my_robot_interfaces/msg/rosidl_generator_cpp__visibility_control.hpp
[2.513s] -- Installing: /home/gunjan/ros2_ws/install/my_robot_interfaces/include/my_robot_interfaces/my_robot_interfaces/msg/hardware_status.hpp
[2.513s] -- Up-to-date: /home/gunjan/ros2_ws/install/my_robot_interfaces/include/my_robot_interfaces/my_robot_interfaces
[2.513s] -- Up-to-date: /home/gunjan/ros2_ws/install/my_robot_interfaces/include/my_robot_interfaces/my_robot_interfaces/msg
[2.513s] -- Up-to-date: /home/gunjan/ros2_ws/install/my_robot_interfaces/include/my_robot_interfaces/my_robot_interfaces/msg/detail
[2.513s] -- Installing: /home/gunjan/ros2_ws/install/my_robot_interfaces/include/my_robot_interfaces/my_robot_interfaces/msg/detail/dds_fastrtps
[2.513s] -- Installing: /home/gunjan/ros2_ws/install/my_robot_interfaces/include/my_robot_interfaces/my_robot_interfaces/msg/detail/hardware_status__rosidl_typesupport_fastrtps_cpp.hpp
[2.513s] -- Installing: /home/gunjan/ros2_ws/install/my_robot_interfaces/include/my_robot_interfaces/my_robot_interfaces/msg/rosidl_typesupport_fastrtps_cpp__visibility_control.h
[2.513s] -- Installing: /home/gunjan/ros2_ws/install/my_robot_interfaces/lib/libmy_robot_interfaces__rosidl_typesupport_fastrtps_cpp.so
[2.515s] -- Set runtime path of "/home/gunjan/ros2_ws/install/my_robot_interfaces/lib/libmy_robot_interfaces__rosidl_typesupport_fastrtps_cpp.so" to ""
[2.515s] -- Up-to-date: /home/gunjan/ros2_ws/install/my_robot_interfaces/include/my_robot_interfaces/my_robot_interfaces
[2.515s] -- Up-to-date: /home/gunjan/ros2_ws/install/my_robot_interfaces/include/my_robot_interfaces/my_robot_interfaces/msg
[2.515s] -- Up-to-date: /home/gunjan/ros2_ws/install/my_robot_interfaces/include/my_robot_interfaces/my_robot_interfaces/msg/detail
[2.515s] -- Installing: /home/gunjan/ros2_ws/install/my_robot_interfaces/include/my_robot_interfaces/my_robot_interfaces/msg/detail/hardware_status__rosidl_typesupport_introspection_cpp.hpp
[2.516s] -- Installing: /home/gunjan/ros2_ws/install/my_robot_interfaces/include/my_robot_interfaces/my_robot_interfaces/msg/detail/hardware_status__type_support.cpp
[2.516s] -- Installing: /home/gunjan/ros2_ws/install/my_robot_interfaces/lib/libmy_robot_interfaces__rosidl_typesupport_introspection_cpp.so
[2.516s] -- Set runtime path of "/home/gunjan/ros2_ws/install/my_robot_interfaces/lib/libmy_robot_interfaces__rosidl_typesupport_introspection_cpp.so" to ""
[2.516s] -- Installing: /home/gunjan/ros2_ws/install/my_robot_interfaces/lib/libmy_robot_interfaces__rosidl_typesupport_cpp.so
[2.516s] -- Set runtime path of "/home/gunjan/ros2_ws/install/my_robot_interfaces/lib/libmy_robot_interfaces__rosidl_typesupport_cpp.so" to ""
[2.516s] -- Installing: /home/gunjan/ros2_ws/install/my_robot_interfaces/share/my_robot_interfaces/environment/pythonpath.sh
[2.516s] -- Installing: /home/gunjan/ros2_ws/install/my_robot_interfaces/share/my_robot_interfaces/environment/pythonpath.dsv
[2.516s] -- Installing: /home/gunjan/ros2_ws/install/my_robot_interfaces/local/lib/python3.10/dist-packages/my_robot_interfaces-0.0.0-py3.10.egg-info
[2.516s] -- Installing: /home/gunjan/ros2_ws/install/my_robot_interfaces/local/lib/python3.10/dist-packages/my_robot_interfaces-0.0.0-py3.10.egg-info/dependency_links.txt
[2.516s] -- Installing: /home/gunjan/ros2_ws/install/my_robot_interfaces/local/lib/python3.10/dist-packages/my_robot_interfaces-0.0.0-py3.10.egg-info/PKG-INFO
[2.516s] -- Installing: /home/gunjan/ros2_ws/install/my_robot_interfaces/local/lib/python3.10/dist-packages/my_robot_interfaces-0.0.0-py3.10.egg-info/top_level.txt
[2.516s] -- Installing: /home/gunjan/ros2_ws/install/my_robot_interfaces/local/lib/python3.10/dist-packages/my_robot_interfaces-0.0.0-py3.10.egg-info/SOURCES.txt
[2.516s] -- Installing: /home/gunjan/ros2_ws/install/my_robot_interfaces/local/lib/python3.10/dist-packages/my_robot_interfaces
[2.516s] -- Installing: /home/gunjan/ros2_ws/install/my_robot_interfaces/local/lib/python3.10/dist-packages/my_robot_interfaces/libmy_robot_interfaces__rosidl_generator_py.so
[2.516s] -- Installing: /home/gunjan/ros2_ws/install/my_robot_interfaces/local/lib/python3.10/dist-packages/my_robot_interfaces/my_robot_interfaces_s__rosidl_typesupport_introspection_c.cpython-310-x86_64-linux-gnu.so
[2.516s] -- Installing: /home/gunjan/ros2_ws/install/my_robot_interfaces/local/lib/python3.10/dist-packages/my_robot_interfaces/_my_robot_interfaces_s.ep.rosidl_typesupport_c.c
[2.516s] -- Installing: /home/gunjan/ros2_ws/install/my_robot_interfaces/local/lib/python3.10/dist-packages/my_robot_interfaces/_my_robot_interfaces_s.ep.rosidl_typesupport_introspection_c.c
[2.516s] -- Installing: /home/gunjan/ros2_ws/install/my_robot_interfaces/local/lib/python3.10/dist-packages/my_robot_interfaces/my_robot_interfaces_s__rosidl_typesupport_fastrtps_c.cpython-310-x86_64-linux-gnu.so
[2.516s] -- Installing: /home/gunjan/ros2_ws/install/my_robot_interfaces/local/lib/python3.10/dist-packages/my_robot_interfaces/__init__.py
[2.516s] -- Installing: /home/gunjan/ros2_ws/install/my_robot_interfaces/local/lib/python3.10/dist-packages/my_robot_interfaces/my_robot_interfaces_s__rosidl_typesupport_c.cpython-310-x86_64-linux-gnu.so
[2.516s] -- Installing: /home/gunjan/ros2_ws/install/my_robot_interfaces/local/lib/python3.10/dist-packages/my_robot_interfaces/msg
[2.516s] -- Installing: /home/gunjan/ros2_ws/install/my_robot_interfaces/local/lib/python3.10/dist-packages/my_robot_interfaces/msg/_hardware_status.py
[2.516s] -- Installing: /home/gunjan/ros2_ws/install/my_robot_interfaces/local/lib/python3.10/dist-packages/my_robot_interfaces/msg/_hardware_status_s.c
[2.516s] -- Installing: /home/gunjan/ros2_ws/install/my_robot_interfaces/local/lib/python3.10/dist-packages/my_robot_interfaces/msg/__init__.py
[2.516s] -- Installing: /home/gunjan/ros2_ws/install/my_robot_interfaces/local/lib/python3.10/dist-packages/my_robot_interfaces/_my_robot_interfaces_s.ep.rosidl_typesupport_fastrtps_c.c
[2.539s] Listing '/home/gunjan/ros2_ws/install/my_robot_interfaces/local/lib/python3.10/dist-packages/my_robot_interfaces'...
[2.539s] Compiling '/home/gunjan/ros2_ws/install/my_robot_interfaces/local/lib/python3.10/dist-packages/my_robot_interfaces/__init__.py'...
[2.539s] Listing '/home/gunjan/ros2_ws/install/my_robot_interfaces/local/lib/python3.10/dist-packages/my_robot_interfaces/msg'...
[2.539s] Compiling '/home/gunjan/ros2_ws/install/my_robot_interfaces/local/lib/python3.10/dist-packages/my_robot_interfaces/msg/__init__.py'...
[2.539s] Compiling '/home/gunjan/ros2_ws/install/my_robot_interfaces/local/lib/python3.10/dist-packages/my_robot_interfaces/msg/_hardware_status.py'...
[2.542s] -- Installing: /home/gunjan/ros2_ws/install/my_robot_interfaces/local/lib/python3.10/dist-packages/my_robot_interfaces/my_robot_interfaces_s__rosidl_typesupport_fastrtps_c.cpython-310-x86_64-linux-gnu.so
[2.543s] -- Set runtime path of "/home/gunjan/ros2_ws/install/my_robot_interfaces/local/lib/python3.10/dist-packages/my_robot_interfaces/my_robot_interfaces_s__rosidl_typesupport_fastrtps_c.cpython-310-x86_64-linux-gnu.so" to ""
[2.543s] -- Installing: /home/gunjan/ros2_ws/install/my_robot_interfaces/local/lib/python3.10/dist-packages/my_robot_interfaces/my_robot_interfaces_s__rosidl_typesupport_introspection_c.cpython-310-x86_64-linux-gnu.so
[2.543s] -- Set runtime path of "/home/gunjan/ros2_ws/install/my_robot_interfaces/local/lib/python3.10/dist-packages/my_robot_interfaces/my_robot_interfaces_s__rosidl_typesupport_introspection_c.cpython-310-x86_64-linux-gnu.so" to ""
[2.543s] -- Installing: /home/gunjan/ros2_ws/install/my_robot_interfaces/local/lib/python3.10/dist-packages/my_robot_interfaces/my_robot_interfaces_s__rosidl_typesupport_c.cpython-310-x86_64-linux-gnu.so
[2.543s] -- Set runtime path of "/home/gunjan/ros2_ws/install/my_robot_interfaces/local/lib/python3.10/dist-packages/my_robot_interfaces/my_robot_interfaces_s__rosidl_typesupport_c.cpython-310-x86_64-linux-gnu.so" to ""
[2.543s] -- Installing: /home/gunjan/ros2_ws/install/my_robot_interfaces/lib/libmy_robot_interfaces__rosidl_generator_py.so
[2.543s] -- Set runtime path of "/home/gunjan/ros2_ws/install/my_robot_interfaces/lib/libmy_robot_interfaces__rosidl_generator_py.so" to ""
[2.544s] -- Installing: /home/gunjan/ros2_ws/install/my_robot_interfaces/share/my_robot_interfaces/msg/HardwareStatus.idl
[2.544s] -- Installing: /home/gunjan/ros2_ws/install/my_robot_interfaces/share/my_robot_interfaces/msg/HardwareStatus.msg
[2.544s] -- Installing: /home/gunjan/ros2_ws/install/my_robot_interfaces/share/ament_index/resource_index/package_run_dependencies/my_robot_interfaces
[2.544s] -- Installing: /home/gunjan/ros2_ws/install/my_robot_interfaces/share/ament_index/resource_index/parent_prefix_path/my_robot_interfaces
[2.544s] -- Installing: /home/gunjan/ros2_ws/install/my_robot_interfaces/share/my_robot_interfaces/environment/ament_prefix_path.sh
[2.544s] -- Installing: /home/gunjan/ros2_ws/install/my_robot_interfaces/share/my_robot_interfaces/environment/ament_prefix_path.dsv
[2.544s] -- Installing: /home/gunjan/ros2_ws/install/my_robot_interfaces/share/my_robot_interfaces/environment/path.sh
[2.544s] -- Installing: /home/gunjan/ros2_ws/install/my_robot_interfaces/share/my_robot_interfaces/environment/path.dsv
[2.544s] -- Installing: /home/gunjan/ros2_ws/install/my_robot_interfaces/share/my_robot_interfaces/local_setup.bash
[2.544s] -- Installing: /home/gunjan/ros2_ws/install/my_robot_interfaces/share/my_robot_interfaces/local_setup.sh
[2.544s] -- Installing: /home/gunjan/ros2_ws/install/my_robot_interfaces/share/my_robot_interfaces/local_setup.zsh
[2.544s] -- Installing: /home/gunjan/ros2_ws/install/my_robot_interfaces/share/my_robot_interfaces/local_setup.dsv
[2.545s] -- Installing: /home/gunjan/ros2_ws/install/my_robot_interfaces/share/my_robot_interfaces/package.dsv
[2.545s] -- Installing: /home/gunjan/ros2_ws/install/my_robot_interfaces/share/ament_index/resource_index/packages/my_robot_interfaces
[2.545s] -- Installing: /home/gunjan/ros2_ws/install/my_robot_interfaces/share/my_robot_interfaces/cmake/export_my_robot_interfaces__rosidl_generator_cExport.cmake
[2.545s] -- Installing: /home/gunjan/ros2_ws/install/my_robot_interfaces/share/my_robot_interfaces/cmake/export_my_robot_interfaces__rosidl_generator_cExport-noconfig.cmake
[2.545s] -- Installing: /home/gunjan/ros2_ws/install/my_robot_interfaces/share/my_robot_interfaces/cmake/export_my_robot_interfaces__rosidl_typesupport_fastrtps_cExport.cmake
[2.545s] -- Installing: /home/gunjan/ros2_ws/install/my_robot_interfaces/share/my_robot_interfaces/cmake/export_my_robot_interfaces__rosidl_typesupport_fastrtps_cExport-noconfig.cmake
[2.545s] -- Installing: /home/gunjan/ros2_ws/install/my_robot_interfaces/share/my_robot_interfaces/cmake/my_robot_interfaces__rosidl_typesupport_introspection_cExport.cmake
[2.545s] -- Installing: /home/gunjan/ros2_ws/install/my_robot_interfaces/share/my_robot_interfaces/cmake/my_robot_interfaces__rosidl_typesupport_introspection_cExport-noconfig.cmake
[2.545s] -- Installing: /home/gunjan/ros2_ws/install/my_robot_interfaces/share/my_robot_interfaces/cmake/my_robot_interfaces__rosidl_typesupport_cExport.cmake
[2.545s] -- Installing: /home/gunjan/ros2_ws/install/my_robot_interfaces/share/my_robot_interfaces/cmake/my_robot_interfaces__rosidl_typesupport_cExport-noconfig.cmake
[2.545s] -- Installing: /home/gunjan/ros2_ws/install/my_robot_interfaces/share/my_robot_interfaces/cmake/export_my_robot_interfaces__rosidl_generator_cppExport.cmake
[2.545s] -- Installing: /home/gunjan/ros2_ws/install/my_robot_interfaces/share/my_robot_interfaces/cmake/export_my_robot_interfaces__rosidl_typesupport_fastrtps_cppExport.cmake
[2.546s] -- Installing: /home/gunjan/ros2_ws/install/my_robot_interfaces/share/my_robot_interfaces/cmake/export_my_robot_interfaces__rosidl_typesupport_fastrtps_cppExport-noconfig.cmake
[2.546s] -- Installing: /home/gunjan/ros2_ws/install/my_robot_interfaces/share/my_robot_interfaces/cmake/my_robot_interfaces__rosidl_typesupport_introspection_cppExport.cmake
[2.546s] -- Installing: /home/gunjan/ros2_ws/install/my_robot_interfaces/share/my_robot_interfaces/cmake/my_robot_interfaces__rosidl_typesupport_introspection_cppExport-noconfig.cmake
[2.546s] -- Installing: /home/gunjan/ros2_ws/install/my_robot_interfaces/share/my_robot_interfaces/cmake/my_robot_interfaces__rosidl_typesupport_cppExport.cmake
[2.546s] -- Installing: /home/gunjan/ros2_ws/install/my_robot_interfaces/share/my_robot_interfaces/cmake/my_robot_interfaces__rosidl_typesupport_cppExport-noconfig.cmake
[2.546s] -- Installing: /home/gunjan/ros2_ws/install/my_robot_interfaces/share/my_robot_interfaces/cmake/export_my_robot_interfaces__rosidl_generator_pyExport.cmake
[2.546s] -- Installing: /home/gunjan/ros2_ws/install/my_robot_interfaces/share/my_robot_interfaces/cmake/export_my_robot_interfaces__rosidl_generator_pyExport-noconfig.cmake
[2.546s] -- Installing: /home/gunjan/ros2_ws/install/my_robot_interfaces/share/my_robot_interfaces/cmake/rosidl_cmake-extras.cmake
[2.546s] -- Installing: /home/gunjan/ros2_ws/install/my_robot_interfaces/share/my_robot_interfaces/cmake/ament_cmake_export_include_directories-extras.cmake
[2.546s] -- Installing: /home/gunjan/ros2_ws/install/my_robot_interfaces/share/my_robot_interfaces/cmake/ament_cmake_export_libraries-extras.cmake
[2.546s] -- Installing: /home/gunjan/ros2_ws/install/my_robot_interfaces/share/my_robot_interfaces/cmake/ament_cmake_export_targets-extras.cmake
[2.546s] -- Installing: /home/gunjan/ros2_ws/install/my_robot_interfaces/share/my_robot_interfaces/cmake/rosidl_cmake_export_typesupport_targets-extras.cmake
[2.546s] -- Installing: /home/gunjan/ros2_ws/install/my_robot_interfaces/share/my_robot_interfaces/cmake/ament_cmake_export_dependencies-extras.cmake
[2.546s] -- Installing: /home/gunjan/ros2_ws/install/my_robot_interfaces/share/my_robot_interfaces/cmake/rosidl_cmake_export_typesupport_libraries-extras.cmake
[2.547s] -- Installing: /home/gunjan/ros2_ws/install/my_robot_interfaces/share/my_robot_interfaces/cmake/my_robot_interfacesConfig.cmake
[2.547s] -- Installing: /home/gunjan/ros2_ws/install/my_robot_interfaces/share/my_robot_interfaces/cmake/my_robot_interfacesConfig-version.cmake
[2.547s] -- Installing: /home/gunjan/ros2_ws/install/my_robot_interfaces/share/my_robot_interfaces/package.xml
[2.548s] Invoked command in '/home/gunjan/ros2_ws/build/my_robot_interfaces' returned '0': CMAKE_PREFIX_PATH=/home/gunjan/ros2_ws/install/my_py_pkg:/opt/ros/humble /usr/bin/cmake --install /home/gunjan/ros2_ws/build/my_robot_interfaces
