[0.431s] Invoking command in '/home/gunjan/ros2_ws/build/turtlesim_catch_them_all': PYTHONPATH=/home/gunjan/ros2_ws/build/turtlesim_catch_them_all/prefix_override:/usr/lib/python3/dist-packages/colcon_core/task/python/colcon_distutils_commands:/home/gunjan/ros2_ws/install/turtlesim_catch_them_all/lib/python3.10/site-packages:${PYTHONPATH} /usr/bin/python3 -W ignore:setup.py install is deprecated -W ignore:easy_install command is deprecated setup.py develop --editable --build-directory /home/gunjan/ros2_ws/build/turtlesim_catch_them_all/build --no-deps symlink_data --force
[0.606s] running develop
[0.716s] running egg_info
[0.716s] writing turtlesim_catch_them_all.egg-info/PKG-INFO
[0.716s] writing dependency_links to turtlesim_catch_them_all.egg-info/dependency_links.txt
[0.716s] writing entry points to turtlesim_catch_them_all.egg-info/entry_points.txt
[0.717s] writing requirements to turtlesim_catch_them_all.egg-info/requires.txt
[0.717s] writing top-level names to turtlesim_catch_them_all.egg-info/top_level.txt
[0.718s] reading manifest file 'turtlesim_catch_them_all.egg-info/SOURCES.txt'
[0.718s] writing manifest file 'turtlesim_catch_them_all.egg-info/SOURCES.txt'
[0.719s] running build_ext
[0.720s] Creating /home/gunjan/ros2_ws/install/turtlesim_catch_them_all/lib/python3.10/site-packages/turtlesim-catch-them-all.egg-link (link to .)
[0.720s] Installing turtle_spawner script to /home/gunjan/ros2_ws/install/turtlesim_catch_them_all/lib/turtlesim_catch_them_all
[0.720s] Installing turtlesim_controller script to /home/gunjan/ros2_ws/install/turtlesim_catch_them_all/lib/turtlesim_catch_them_all
[0.720s] 
[0.720s] Installed /home/gunjan/ros2_ws/build/turtlesim_catch_them_all
[0.720s] running symlink_data
[0.721s] symbolically linking /home/gunjan/ros2_ws/build/turtlesim_catch_them_all/resource/turtlesim_catch_them_all -> /home/gunjan/ros2_ws/install/turtlesim_catch_them_all/share/ament_index/resource_index/packages
[0.721s] symbolically linking /home/gunjan/ros2_ws/build/turtlesim_catch_them_all/package.xml -> /home/gunjan/ros2_ws/install/turtlesim_catch_them_all/share/turtlesim_catch_them_all
[0.744s] Invoked command in '/home/gunjan/ros2_ws/build/turtlesim_catch_them_all' returned '0': PYTHONPATH=/home/gunjan/ros2_ws/build/turtlesim_catch_them_all/prefix_override:/usr/lib/python3/dist-packages/colcon_core/task/python/colcon_distutils_commands:/home/gunjan/ros2_ws/install/turtlesim_catch_them_all/lib/python3.10/site-packages:${PYTHONPATH} /usr/bin/python3 -W ignore:setup.py install is deprecated -W ignore:easy_install command is deprecated setup.py develop --editable --build-directory /home/gunjan/ros2_ws/build/turtlesim_catch_them_all/build --no-deps symlink_data --force
