[0.433s] Invoking command in '/home/gunjan/ros2_ws/build/turtlesim_catch_them_all': PYTHONPATH=/home/gunjan/ros2_ws/build/turtlesim_catch_them_all/prefix_override:/usr/lib/python3/dist-packages/colcon_core/task/python/colcon_distutils_commands:/home/gunjan/ros2_ws/install/turtlesim_catch_them_all/lib/python3.10/site-packages:${PYTHONPATH} /usr/bin/python3 -W ignore:setup.py install is deprecated -W ignore:easy_install command is deprecated setup.py develop --uninstall --editable --build-directory /home/gunjan/ros2_ws/build/turtlesim_catch_them_all/build
[0.610s] running develop
[0.722s] Removing /home/gunjan/ros2_ws/install/turtlesim_catch_them_all/lib/python3.10/site-packages/turtlesim-catch-them-all.egg-link (link to .)
[0.744s] Invoked command in '/home/gunjan/ros2_ws/build/turtlesim_catch_them_all' returned '0': PYTHONPATH=/home/gunjan/ros2_ws/build/turtlesim_catch_them_all/prefix_override:/usr/lib/python3/dist-packages/colcon_core/task/python/colcon_distutils_commands:/home/gunjan/ros2_ws/install/turtlesim_catch_them_all/lib/python3.10/site-packages:${PYTHONPATH} /usr/bin/python3 -W ignore:setup.py install is deprecated -W ignore:easy_install command is deprecated setup.py develop --uninstall --editable --build-directory /home/gunjan/ros2_ws/build/turtlesim_catch_them_all/build
[0.745s] Invoking command in '/home/gunjan/ros2_ws/src/turtlesim_catch_them_all': PYTHONPATH=/home/gunjan/ros2_ws/build/turtlesim_catch_them_all/prefix_override:/usr/lib/python3/dist-packages/colcon_core/task/python/colcon_distutils_commands:/home/gunjan/ros2_ws/install/turtlesim_catch_them_all/lib/python3.10/site-packages:${PYTHONPATH} /usr/bin/python3 -W ignore:setup.py install is deprecated -W ignore:easy_install command is deprecated setup.py egg_info --egg-base ../../build/turtlesim_catch_them_all build --build-base /home/gunjan/ros2_ws/build/turtlesim_catch_them_all/build install --record /home/gunjan/ros2_ws/build/turtlesim_catch_them_all/install.log --single-version-externally-managed install_data --force
[0.909s] running egg_info
[0.909s] writing ../../build/turtlesim_catch_them_all/turtlesim_catch_them_all.egg-info/PKG-INFO
[0.910s] writing dependency_links to ../../build/turtlesim_catch_them_all/turtlesim_catch_them_all.egg-info/dependency_links.txt
[0.910s] writing entry points to ../../build/turtlesim_catch_them_all/turtlesim_catch_them_all.egg-info/entry_points.txt
[0.910s] writing requirements to ../../build/turtlesim_catch_them_all/turtlesim_catch_them_all.egg-info/requires.txt
[0.910s] writing top-level names to ../../build/turtlesim_catch_them_all/turtlesim_catch_them_all.egg-info/top_level.txt
[0.911s] reading manifest file '../../build/turtlesim_catch_them_all/turtlesim_catch_them_all.egg-info/SOURCES.txt'
[0.912s] writing manifest file '../../build/turtlesim_catch_them_all/turtlesim_catch_them_all.egg-info/SOURCES.txt'
[0.912s] running build
[0.912s] running build_py
[0.912s] creating /home/gunjan/ros2_ws/build/turtlesim_catch_them_all/build
[0.912s] creating /home/gunjan/ros2_ws/build/turtlesim_catch_them_all/build/lib
[0.912s] creating /home/gunjan/ros2_ws/build/turtlesim_catch_them_all/build/lib/turtlesim_catch_them_all
[0.912s] copying turtlesim_catch_them_all/turtle_spawner.py -> /home/gunjan/ros2_ws/build/turtlesim_catch_them_all/build/lib/turtlesim_catch_them_all
[0.912s] copying turtlesim_catch_them_all/__init__.py -> /home/gunjan/ros2_ws/build/turtlesim_catch_them_all/build/lib/turtlesim_catch_them_all
[0.912s] copying turtlesim_catch_them_all/turtle_controller.py -> /home/gunjan/ros2_ws/build/turtlesim_catch_them_all/build/lib/turtlesim_catch_them_all
[0.912s] running install
[0.912s] running install_lib
[0.913s] creating /home/gunjan/ros2_ws/install/turtlesim_catch_them_all/lib/python3.10/site-packages/turtlesim_catch_them_all
[0.913s] copying /home/gunjan/ros2_ws/build/turtlesim_catch_them_all/build/lib/turtlesim_catch_them_all/turtle_spawner.py -> /home/gunjan/ros2_ws/install/turtlesim_catch_them_all/lib/python3.10/site-packages/turtlesim_catch_them_all
[0.913s] copying /home/gunjan/ros2_ws/build/turtlesim_catch_them_all/build/lib/turtlesim_catch_them_all/__init__.py -> /home/gunjan/ros2_ws/install/turtlesim_catch_them_all/lib/python3.10/site-packages/turtlesim_catch_them_all
[0.913s] copying /home/gunjan/ros2_ws/build/turtlesim_catch_them_all/build/lib/turtlesim_catch_them_all/turtle_controller.py -> /home/gunjan/ros2_ws/install/turtlesim_catch_them_all/lib/python3.10/site-packages/turtlesim_catch_them_all
[0.913s] byte-compiling /home/gunjan/ros2_ws/install/turtlesim_catch_them_all/lib/python3.10/site-packages/turtlesim_catch_them_all/turtle_spawner.py to turtle_spawner.cpython-310.pyc
[0.914s] byte-compiling /home/gunjan/ros2_ws/install/turtlesim_catch_them_all/lib/python3.10/site-packages/turtlesim_catch_them_all/__init__.py to __init__.cpython-310.pyc
[0.914s] byte-compiling /home/gunjan/ros2_ws/install/turtlesim_catch_them_all/lib/python3.10/site-packages/turtlesim_catch_them_all/turtle_controller.py to turtle_controller.cpython-310.pyc
[0.914s] running install_data
[0.914s] copying resource/turtlesim_catch_them_all -> /home/gunjan/ros2_ws/install/turtlesim_catch_them_all/share/ament_index/resource_index/packages
[0.915s] copying package.xml -> /home/gunjan/ros2_ws/install/turtlesim_catch_them_all/share/turtlesim_catch_them_all
[0.915s] running install_egg_info
[0.916s] Copying ../../build/turtlesim_catch_them_all/turtlesim_catch_them_all.egg-info to /home/gunjan/ros2_ws/install/turtlesim_catch_them_all/lib/python3.10/site-packages/turtlesim_catch_them_all-0.0.0-py3.10.egg-info
[0.917s] running install_scripts
[0.932s] Installing turtle_spawner script to /home/gunjan/ros2_ws/install/turtlesim_catch_them_all/lib/turtlesim_catch_them_all
[0.932s] Installing turtlesim_controller script to /home/gunjan/ros2_ws/install/turtlesim_catch_them_all/lib/turtlesim_catch_them_all
[0.933s] writing list of installed files to '/home/gunjan/ros2_ws/build/turtlesim_catch_them_all/install.log'
[0.951s] Invoked command in '/home/gunjan/ros2_ws/src/turtlesim_catch_them_all' returned '0': PYTHONPATH=/home/gunjan/ros2_ws/build/turtlesim_catch_them_all/prefix_override:/usr/lib/python3/dist-packages/colcon_core/task/python/colcon_distutils_commands:/home/gunjan/ros2_ws/install/turtlesim_catch_them_all/lib/python3.10/site-packages:${PYTHONPATH} /usr/bin/python3 -W ignore:setup.py install is deprecated -W ignore:easy_install command is deprecated setup.py egg_info --egg-base ../../build/turtlesim_catch_them_all build --build-base /home/gunjan/ros2_ws/build/turtlesim_catch_them_all/build install --record /home/gunjan/ros2_ws/build/turtlesim_catch_them_all/install.log --single-version-externally-managed install_data --force
