[0.007s] Invoking command in '/home/gunjan/ros2_ws/build/my_robot_bringup': CMAKE_PREFIX_PATH=${CMAKE_PREFIX_PATH}:/home/gunjan/ros2_ws/install/my_py_pkg:/opt/ros/humble /usr/bin/cmake /home/gunjan/ros2_ws/src/my_robot_bringup -DAMENT_CMAKE_SYMLINK_INSTALL=1 -DCMAKE_INSTALL_PREFIX=/home/gunjan/ros2_ws/install/my_robot_bringup
[0.123s] -- The C compiler identification is GNU 11.4.0
[0.209s] -- The CXX compiler identification is GNU 11.4.0
[0.215s] -- Detecting C compiler ABI info
[0.267s] -- Detecting C compiler ABI info - done
[0.273s] -- Check for working C compiler: /usr/bin/cc - skipped
[0.273s] -- Detecting C compile features
[0.273s] -- Detecting C compile features - done
[0.275s] -- Detecting CXX compiler ABI info
[0.331s] -- Detecting CXX compiler ABI info - done
[0.337s] -- Check for working CXX compiler: /usr/bin/c++ - skipped
[0.337s] -- Detecting CXX compile features
[0.337s] -- Detecting CXX compile features - done
[0.340s] -- Found ament_cmake: 1.3.11 (/opt/ros/humble/share/ament_cmake/cmake)
[0.451s] -- Found Python3: /usr/bin/python3 (found version "3.10.12") found components: Interpreter 
[0.498s] -- Override CMake install command with custom implementation using symlinks instead of copying resources
[0.572s] -- Configuring done
[0.574s] -- Generating done
[0.575s] -- Build files have been written to: /home/gunjan/ros2_ws/build/my_robot_bringup
[0.577s] Invoked command in '/home/gunjan/ros2_ws/build/my_robot_bringup' returned '0': CMAKE_PREFIX_PATH=${CMAKE_PREFIX_PATH}:/home/gunjan/ros2_ws/install/my_py_pkg:/opt/ros/humble /usr/bin/cmake /home/gunjan/ros2_ws/src/my_robot_bringup -DAMENT_CMAKE_SYMLINK_INSTALL=1 -DCMAKE_INSTALL_PREFIX=/home/gunjan/ros2_ws/install/my_robot_bringup
[0.579s] Invoking command in '/home/gunjan/ros2_ws/build/my_robot_bringup': CMAKE_PREFIX_PATH=${CMAKE_PREFIX_PATH}:/home/gunjan/ros2_ws/install/my_py_pkg:/opt/ros/humble /usr/bin/cmake --build /home/gunjan/ros2_ws/build/my_robot_bringup -- -j4 -l4
[0.604s] Invoked command in '/home/gunjan/ros2_ws/build/my_robot_bringup' returned '0': CMAKE_PREFIX_PATH=${CMAKE_PREFIX_PATH}:/home/gunjan/ros2_ws/install/my_py_pkg:/opt/ros/humble /usr/bin/cmake --build /home/gunjan/ros2_ws/build/my_robot_bringup -- -j4 -l4
[0.611s] Invoking command in '/home/gunjan/ros2_ws/build/my_robot_bringup': CMAKE_PREFIX_PATH=${CMAKE_PREFIX_PATH}:/home/gunjan/ros2_ws/install/my_py_pkg:/opt/ros/humble /usr/bin/cmake --install /home/gunjan/ros2_ws/build/my_robot_bringup
[0.616s] -- Install configuration: ""
[0.616s] -- Execute custom install script
[0.617s] -- Symlinking: /home/gunjan/ros2_ws/install/my_robot_bringup//launch/number_app.launch.py
[0.623s] [31mCMake Error at ament_cmake_symlink_install/ament_cmake_symlink_install.cmake:100 (message):
[0.623s]   ament_cmake_symlink_install_directory() can't find
[0.623s]   '/home/gunjan/ros2_ws/src/my_robot_bringup/DISTINATION'
[0.623s] Call Stack (most recent call first):
[0.623s]   ament_cmake_symlink_install/ament_cmake_symlink_install.cmake:314 (ament_cmake_symlink_install_directory)
[0.623s]   cmake_install.cmake:46 (include)
[0.623s] 
[0.623s] [0m
[0.624s] Invoked command in '/home/gunjan/ros2_ws/build/my_robot_bringup' returned '1': CMAKE_PREFIX_PATH=${CMAKE_PREFIX_PATH}:/home/gunjan/ros2_ws/install/my_py_pkg:/opt/ros/humble /usr/bin/cmake --install /home/gunjan/ros2_ws/build/my_robot_bringup
