[0.420s] Invoking command in '/home/gunjan/ros2_ws/src/my_py_pkg': PYTHONPATH=/home/gunjan/ros2_ws/build/my_py_pkg/prefix_override:/usr/lib/python3/dist-packages/colcon_core/task/python/colcon_distutils_commands:/home/gunjan/ros2_ws/install/my_py_pkg/lib/python3.10/site-packages:${PYTHONPATH} /usr/bin/python3 -W ignore:setup.py install is deprecated -W ignore:easy_install command is deprecated setup.py egg_info --egg-base ../../build/my_py_pkg build --build-base /home/gunjan/ros2_ws/build/my_py_pkg/build install --record /home/gunjan/ros2_ws/build/my_py_pkg/install.log --single-version-externally-managed install_data
[0.580s] running egg_info
[0.580s] writing ../../build/my_py_pkg/my_py_pkg.egg-info/PKG-INFO
[0.580s] writing dependency_links to ../../build/my_py_pkg/my_py_pkg.egg-info/dependency_links.txt
[0.580s] writing entry points to ../../build/my_py_pkg/my_py_pkg.egg-info/entry_points.txt
[0.580s] writing requirements to ../../build/my_py_pkg/my_py_pkg.egg-info/requires.txt
[0.580s] writing top-level names to ../../build/my_py_pkg/my_py_pkg.egg-info/top_level.txt
[0.582s] reading manifest file '../../build/my_py_pkg/my_py_pkg.egg-info/SOURCES.txt'
[0.582s] writing manifest file '../../build/my_py_pkg/my_py_pkg.egg-info/SOURCES.txt'
[0.582s] running build
[0.582s] running build_py
[0.583s] copying my_py_pkg/number_counter.py -> /home/gunjan/ros2_ws/build/my_py_pkg/build/lib/my_py_pkg
[0.583s] running install
[0.583s] running install_lib
[0.584s] copying /home/gunjan/ros2_ws/build/my_py_pkg/build/lib/my_py_pkg/number_counter.py -> /home/gunjan/ros2_ws/install/my_py_pkg/lib/python3.10/site-packages/my_py_pkg
[0.584s] byte-compiling /home/gunjan/ros2_ws/install/my_py_pkg/lib/python3.10/site-packages/my_py_pkg/number_counter.py to number_counter.cpython-310.pyc
[0.584s] running install_data
[0.584s] running install_egg_info
[0.586s] removing '/home/gunjan/ros2_ws/install/my_py_pkg/lib/python3.10/site-packages/my_py_pkg-0.0.0-py3.10.egg-info' (and everything under it)
[0.587s] Copying ../../build/my_py_pkg/my_py_pkg.egg-info to /home/gunjan/ros2_ws/install/my_py_pkg/lib/python3.10/site-packages/my_py_pkg-0.0.0-py3.10.egg-info
[0.587s] running install_scripts
[0.601s] Installing number_counter script to /home/gunjan/ros2_ws/install/my_py_pkg/lib/my_py_pkg
[0.601s] Installing number_publisher script to /home/gunjan/ros2_ws/install/my_py_pkg/lib/my_py_pkg
[0.601s] Installing py_node script to /home/gunjan/ros2_ws/install/my_py_pkg/lib/my_py_pkg
[0.601s] Installing robot_news_station script to /home/gunjan/ros2_ws/install/my_py_pkg/lib/my_py_pkg
[0.601s] Installing smartphone script to /home/gunjan/ros2_ws/install/my_py_pkg/lib/my_py_pkg
[0.601s] writing list of installed files to '/home/gunjan/ros2_ws/build/my_py_pkg/install.log'
[0.619s] Invoked command in '/home/gunjan/ros2_ws/src/my_py_pkg' returned '0': PYTHONPATH=/home/gunjan/ros2_ws/build/my_py_pkg/prefix_override:/usr/lib/python3/dist-packages/colcon_core/task/python/colcon_distutils_commands:/home/gunjan/ros2_ws/install/my_py_pkg/lib/python3.10/site-packages:${PYTHONPATH} /usr/bin/python3 -W ignore:setup.py install is deprecated -W ignore:easy_install command is deprecated setup.py egg_info --egg-base ../../build/my_py_pkg build --build-base /home/gunjan/ros2_ws/build/my_py_pkg/build install --record /home/gunjan/ros2_ws/build/my_py_pkg/install.log --single-version-externally-managed install_data
