[0.428s] Invoking command in '/home/gunjan/ros2_ws/build/my_py_pkg': AMENT_PREFIX_PATH=/home/gunjan/ros2_ws/install/my_robot_interfaces:${AMENT_PREFIX_PATH} CMAKE_PREFIX_PATH=/home/gunjan/ros2_ws/install/my_robot_interfaces LD_LIBRARY_PATH=/home/gunjan/ros2_ws/install/my_robot_interfaces/lib:${LD_LIBRARY_PATH} PYTHONPATH=/home/gunjan/ros2_ws/build/my_py_pkg/prefix_override:/usr/lib/python3/dist-packages/colcon_core/task/python/colcon_distutils_commands:/home/gunjan/ros2_ws/install/my_py_pkg/lib/python3.10/site-packages:/home/gunjan/ros2_ws/install/my_robot_interfaces/local/lib/python3.10/dist-packages:${PYTHONPATH} /usr/bin/python3 -W ignore:setup.py install is deprecated -W ignore:easy_install command is deprecated setup.py develop --editable --build-directory /home/gunjan/ros2_ws/build/my_py_pkg/build --no-deps symlink_data
[0.605s] running develop
[0.715s] running egg_info
[0.715s] writing my_py_pkg.egg-info/PKG-INFO
[0.715s] writing dependency_links to my_py_pkg.egg-info/dependency_links.txt
[0.715s] writing entry points to my_py_pkg.egg-info/entry_points.txt
[0.715s] writing requirements to my_py_pkg.egg-info/requires.txt
[0.715s] writing top-level names to my_py_pkg.egg-info/top_level.txt
[0.716s] reading manifest file 'my_py_pkg.egg-info/SOURCES.txt'
[0.717s] writing manifest file 'my_py_pkg.egg-info/SOURCES.txt'
[0.718s] running build_ext
[0.718s] Creating /home/gunjan/ros2_ws/install/my_py_pkg/lib/python3.10/site-packages/my-py-pkg.egg-link (link to .)
[0.719s] Installing add_two_ints_client script to /home/gunjan/ros2_ws/install/my_py_pkg/lib/my_py_pkg
[0.719s] Installing add_two_ints_client_no_oop script to /home/gunjan/ros2_ws/install/my_py_pkg/lib/my_py_pkg
[0.719s] Installing add_two_ints_server script to /home/gunjan/ros2_ws/install/my_py_pkg/lib/my_py_pkg
[0.719s] Installing hw_status_publisher script to /home/gunjan/ros2_ws/install/my_py_pkg/lib/my_py_pkg
[0.719s] Installing number_counter script to /home/gunjan/ros2_ws/install/my_py_pkg/lib/my_py_pkg
[0.719s] Installing number_publisher script to /home/gunjan/ros2_ws/install/my_py_pkg/lib/my_py_pkg
[0.719s] Installing py_node script to /home/gunjan/ros2_ws/install/my_py_pkg/lib/my_py_pkg
[0.719s] Installing robot_news_station script to /home/gunjan/ros2_ws/install/my_py_pkg/lib/my_py_pkg
[0.719s] Installing smartphone script to /home/gunjan/ros2_ws/install/my_py_pkg/lib/my_py_pkg
[0.719s] 
[0.720s] Installed /home/gunjan/ros2_ws/build/my_py_pkg
[0.720s] running symlink_data
[0.742s] Invoked command in '/home/gunjan/ros2_ws/build/my_py_pkg' returned '0': AMENT_PREFIX_PATH=/home/gunjan/ros2_ws/install/my_robot_interfaces:${AMENT_PREFIX_PATH} CMAKE_PREFIX_PATH=/home/gunjan/ros2_ws/install/my_robot_interfaces LD_LIBRARY_PATH=/home/gunjan/ros2_ws/install/my_robot_interfaces/lib:${LD_LIBRARY_PATH} PYTHONPATH=/home/gunjan/ros2_ws/build/my_py_pkg/prefix_override:/usr/lib/python3/dist-packages/colcon_core/task/python/colcon_distutils_commands:/home/gunjan/ros2_ws/install/my_py_pkg/lib/python3.10/site-packages:/home/gunjan/ros2_ws/install/my_robot_interfaces/local/lib/python3.10/dist-packages:${PYTHONPATH} /usr/bin/python3 -W ignore:setup.py install is deprecated -W ignore:easy_install command is deprecated setup.py develop --editable --build-directory /home/gunjan/ros2_ws/build/my_py_pkg/build --no-deps symlink_data
