[1.295s] Invoking command in '/home/gunjan/ros2_ws/src/my_py_pkg': PYTHONPATH=/home/gunjan/ros2_ws/build/my_py_pkg/prefix_override:/usr/lib/python3/dist-packages/colcon_core/task/python/colcon_distutils_commands:/home/gunjan/ros2_ws/install/my_py_pkg/lib/python3.10/site-packages:${PYTHONPATH} /usr/bin/python3 -W ignore:setup.py install is deprecated -W ignore:easy_install command is deprecated setup.py egg_info --egg-base ../../build/my_py_pkg build --build-base /home/gunjan/ros2_ws/build/my_py_pkg/build install --record /home/gunjan/ros2_ws/build/my_py_pkg/install.log --single-version-externally-managed install_data
[1.786s] running egg_info
[1.787s] writing ../../build/my_py_pkg/my_py_pkg.egg-info/PKG-INFO
[1.788s] writing dependency_links to ../../build/my_py_pkg/my_py_pkg.egg-info/dependency_links.txt
[1.788s] writing entry points to ../../build/my_py_pkg/my_py_pkg.egg-info/entry_points.txt
[1.789s] writing requirements to ../../build/my_py_pkg/my_py_pkg.egg-info/requires.txt
[1.789s] writing top-level names to ../../build/my_py_pkg/my_py_pkg.egg-info/top_level.txt
[1.794s] reading manifest file '../../build/my_py_pkg/my_py_pkg.egg-info/SOURCES.txt'
[1.796s] writing manifest file '../../build/my_py_pkg/my_py_pkg.egg-info/SOURCES.txt'
[1.796s] running build
[1.797s] running build_py
[1.797s] copying my_py_pkg/my_first_node.py -> /home/gunjan/ros2_ws/build/my_py_pkg/build/lib/my_py_pkg
[1.797s] running install
[1.798s] running install_lib
[1.800s] copying /home/gunjan/ros2_ws/build/my_py_pkg/build/lib/my_py_pkg/my_first_node.py -> /home/gunjan/ros2_ws/install/my_py_pkg/lib/python3.10/site-packages/my_py_pkg
[1.801s] byte-compiling /home/gunjan/ros2_ws/install/my_py_pkg/lib/python3.10/site-packages/my_py_pkg/my_first_node.py to my_first_node.cpython-310.pyc
[1.801s] running install_data
[1.802s] running install_egg_info
[1.807s] removing '/home/gunjan/ros2_ws/install/my_py_pkg/lib/python3.10/site-packages/my_py_pkg-0.0.0-py3.10.egg-info' (and everything under it)
[1.808s] Copying ../../build/my_py_pkg/my_py_pkg.egg-info to /home/gunjan/ros2_ws/install/my_py_pkg/lib/python3.10/site-packages/my_py_pkg-0.0.0-py3.10.egg-info
[1.809s] running install_scripts
[1.856s] Installing py_node script to /home/gunjan/ros2_ws/install/my_py_pkg/lib/my_py_pkg
[1.857s] writing list of installed files to '/home/gunjan/ros2_ws/build/my_py_pkg/install.log'
[1.916s] Invoked command in '/home/gunjan/ros2_ws/src/my_py_pkg' returned '0': PYTHONPATH=/home/gunjan/ros2_ws/build/my_py_pkg/prefix_override:/usr/lib/python3/dist-packages/colcon_core/task/python/colcon_distutils_commands:/home/gunjan/ros2_ws/install/my_py_pkg/lib/python3.10/site-packages:${PYTHONPATH} /usr/bin/python3 -W ignore:setup.py install is deprecated -W ignore:easy_install command is deprecated setup.py egg_info --egg-base ../../build/my_py_pkg build --build-base /home/gunjan/ros2_ws/build/my_py_pkg/build install --record /home/gunjan/ros2_ws/build/my_py_pkg/install.log --single-version-externally-managed install_data
