[0.007s] Invoking command in '/home/gunjan/ros2_ws/build/my_robot_interfaces': CMAKE_PREFIX_PATH=/home/gunjan/ros2_ws/install/my_py_pkg:/opt/ros/humble /usr/bin/cmake /home/gunjan/ros2_ws/src/my_robot_interfaces -DCMAKE_INSTALL_PREFIX=/home/gunjan/ros2_ws/install/my_robot_interfaces
[0.015s] -- Found ament_cmake: 1.3.11 (/opt/ros/humble/share/ament_cmake/cmake)
[0.101s] -- Found rosidl_default_generators: 1.2.0 (/opt/ros/humble/share/rosidl_default_generators/cmake)
[0.104s] -- Using all available rosidl_typesupport_c: rosidl_typesupport_fastrtps_c;rosidl_typesupport_introspection_c
[0.110s] -- Found rosidl_adapter: 3.1.6 (/opt/ros/humble/share/rosidl_adapter/cmake)
[0.148s] -- Using all available rosidl_typesupport_cpp: rosidl_typesupport_fastrtps_cpp;rosidl_typesupport_introspection_cpp
[0.341s] -- Found ament_cmake_ros: 0.10.0 (/opt/ros/humble/share/ament_cmake_ros/cmake)
[0.468s] -- Using all available rosidl_typesupport_c: rosidl_typesupport_fastrtps_c;rosidl_typesupport_introspection_c
[0.629s] -- Using all available rosidl_typesupport_cpp: rosidl_typesupport_fastrtps_cpp;rosidl_typesupport_introspection_cpp
[0.645s] -- Found PythonInterp: /usr/bin/python3 (found suitable version "3.10.12", minimum required is "3.6") 
[0.647s] -- Found python_cmake_module: 0.10.0 (/opt/ros/humble/share/python_cmake_module/cmake)
[0.667s] -- Found PythonLibs: /usr/lib/x86_64-linux-gnu/libpython3.10.so (found suitable version "3.10.12", minimum required is "3.5") 
[0.667s] -- Using PYTHON_EXECUTABLE: /usr/bin/python3
[0.667s] -- Using PYTHON_INCLUDE_DIRS: /usr/include/python3.10
[0.667s] -- Using PYTHON_LIBRARIES: /usr/lib/x86_64-linux-gnu/libpython3.10.so
[0.681s] -- Found PythonExtra: .so  
[0.702s] [31mCMake Error at CMakeLists.txt:16 (amend_export_dependencies):
[0.702s]   Unknown CMake command "amend_export_dependencies".
[0.702s] 
[0.702s] [0m
[0.702s] -- Configuring incomplete, errors occurred!
[0.702s] See also "/home/gunjan/ros2_ws/build/my_robot_interfaces/CMakeFiles/CMakeOutput.log".
[0.706s] Invoked command in '/home/gunjan/ros2_ws/build/my_robot_interfaces' returned '1': CMAKE_PREFIX_PATH=/home/gunjan/ros2_ws/install/my_py_pkg:/opt/ros/humble /usr/bin/cmake /home/gunjan/ros2_ws/src/my_robot_interfaces -DCMAKE_INSTALL_PREFIX=/home/gunjan/ros2_ws/install/my_robot_interfaces
