[0.007s] Invoking command in '/home/gunjan/ros2_ws/build/my_robot_interfaces': CMAKE_PREFIX_PATH=/home/gunjan/ros2_ws/install/my_py_pkg:/opt/ros/humble /usr/bin/cmake /home/gunjan/ros2_ws/src/my_robot_interfaces -DCMAKE_INSTALL_PREFIX=/home/gunjan/ros2_ws/install/my_robot_interfaces
[0.092s] -- The C compiler identification is GNU 11.4.0
[0.154s] -- The CXX compiler identification is GNU 11.4.0
[0.162s] -- Detecting C compiler ABI info
[0.209s] -- Detecting C compiler ABI info - done
[0.214s] -- Check for working C compiler: /usr/bin/cc - skipped
[0.214s] -- Detecting C compile features
[0.215s] -- Detecting C compile features - done
[0.217s] -- Detecting CXX compiler ABI info
[0.270s] -- Detecting CXX compiler ABI info - done
[0.275s] -- Check for working CXX compiler: /usr/bin/c++ - skipped
[0.276s] -- Detecting CXX compile features
[0.276s] -- Detecting CXX compile features - done
[0.281s] -- Found ament_cmake: 1.3.11 (/opt/ros/humble/share/ament_cmake/cmake)
[0.388s] -- Found Python3: /usr/bin/python3 (found version "3.10.12") found components: Interpreter 
[0.477s] [31mCMake Error at CMakeLists.txt:10 (find_package):
[0.477s]   By not providing "Findrosidl_default_genertators.cmake" in
[0.477s]   CMAKE_MODULE_PATH this project has asked CMake to find a package
[0.477s]   configuration file provided by "rosidl_default_genertators", but CMake did
[0.477s]   not find one.
[0.477s] 
[0.477s]   Could not find a package configuration file provided by
[0.477s]   "rosidl_default_genertators" with any of the following names:
[0.477s] 
[0.477s]     rosidl_default_genertatorsConfig.cmake
[0.477s]     rosidl_default_genertators-config.cmake
[0.477s] 
[0.477s]   Add the installation prefix of "rosidl_default_genertators" to
[0.477s]   CMAKE_PREFIX_PATH or set "rosidl_default_genertators_DIR" to a directory
[0.477s]   containing one of the above files.  If "rosidl_default_genertators"
[0.477s]   provides a separate development package or SDK, be sure it has been
[0.477s]   installed.
[0.477s] 
[0.477s] [0m
[0.477s] -- Configuring incomplete, errors occurred!
[0.478s] See also "/home/gunjan/ros2_ws/build/my_robot_interfaces/CMakeFiles/CMakeOutput.log".
[0.479s] Invoked command in '/home/gunjan/ros2_ws/build/my_robot_interfaces' returned '1': CMAKE_PREFIX_PATH=/home/gunjan/ros2_ws/install/my_py_pkg:/opt/ros/humble /usr/bin/cmake /home/gunjan/ros2_ws/src/my_robot_interfaces -DCMAKE_INSTALL_PREFIX=/home/gunjan/ros2_ws/install/my_robot_interfaces
